HTTP.Exceptions.StatusError(401, "GET", "/repos/nathanaelbosch/PSDMatrices.jl", HTTP.Messages.Response:
"""
HTTP/1.1 401 Unauthorized
Server: GitHub.com
Date: Wed, 20 Dec 2023 13:25:32 GMT
Content-Type: application/json; charset=utf-8
Content-Length: 80
X-GitHub-Media-Type: github.v3; format=json
X-RateLimit-Limit: 60
X-RateLimit-Remaining: 54
X-RateLimit-Reset: 1703082329
X-RateLimit-Used: 6
X-RateLimit-Resource: core
Access-Control-Expose-Headers: ETag, Link, Location, Retry-After, X-GitHub-OTP, X-RateLimit-Limit, X-RateLimit-Remaining, X-RateLimit-Used, X-RateLimit-Resource, X-RateLimit-Reset, X-OAuth-Scopes, X-Accepted-OAuth-Scopes, X-Poll-Interval, X-GitHub-Media-Type, X-GitHub-SSO, X-GitHub-Request-Id, Deprecation, Sunset
Access-Control-Allow-Origin: *
Strict-Transport-Security: max-age=31536000; includeSubdomains; preload
X-Frame-Options: deny
X-Content-Type-Options: nosniff
X-XSS-Protection: 0
Referrer-Policy: origin-when-cross-origin, strict-origin-when-cross-origin
Content-Security-Policy: default-src 'none'
Vary: Accept-Encoding, Accept, X-Requested-With
X-GitHub-Request-Id: 0785:023A:4230F2B:88F44E2:6582EB4C

{"message":"Bad credentials","documentation_url":"https://docs.github.com/rest"}""")
